0 info it worked if it ends with ok
1 verbose cli [ '/usr/bin/node', '/usr/bin/npm', 'run', 'development' ]
2 info using npm@6.7.0
3 info using node@v10.15.1
4 verbose run-script [ 'predevelopment', 'development', 'postdevelopment' ]
5 info lifecycle @~predevelopment: @
6 info lifecycle @~development: @
7 verbose lifecycle @~development: unsafe-perm in lifecycle true
8 verbose lifecycle @~development: PATH: /usr/lib/node_modules/npm/node_modules/npm-lifecycle/node-gyp-bin:/home/vagrant/code/node_modules/.bin:/usr/lib/node_modules/npm/node_modules/npm-lifecycle/node-gyp-bin:/home/vagrant/code/node_modules/.bin:/home/vagrant/.composer/vendor/bin:/usr/local/go/bin:/home/vagrant/.rbenv/plugins/ruby-build/bin:/home/vagrant/.rbenv/shims:/home/vagrant/.rbenv/bin:/usr/local/sbin:/usr/local/bin:/usr/sbin:/usr/bin:/sbin:/bin:/usr/games:/usr/local/games:/snap/bin:/home/vagrant/.dotnet/tools
9 verbose lifecycle @~development: CWD: /home/vagrant/code
10 silly lifecycle @~development: Args: [ '-c',
10 silly lifecycle   'cross-env NODE_ENV=development node_modules/webpack/bin/webpack.js --progress --hide-modules --config=node_modules/laravel-mix/setup/webpack.config.js' ]
11 silly lifecycle @~development: Returned: code: 2  signal: null
12 info lifecycle @~development: Failed to exec development script
13 verbose stack Error: @ development: `cross-env NODE_ENV=development node_modules/webpack/bin/webpack.js --progress --hide-modules --config=node_modules/laravel-mix/setup/webpack.config.js`
13 verbose stack Exit status 2
13 verbose stack     at EventEmitter.<anonymous> (/usr/lib/node_modules/npm/node_modules/npm-lifecycle/index.js:301:16)
13 verbose stack     at EventEmitter.emit (events.js:189:13)
13 verbose stack     at ChildProcess.<anonymous> (/usr/lib/node_modules/npm/node_modules/npm-lifecycle/lib/spawn.js:55:14)
13 verbose stack     at ChildProcess.emit (events.js:189:13)
13 verbose stack     at maybeClose (internal/child_process.js:970:16)
13 verbose stack     at Process.ChildProcess._handle.onexit (internal/child_process.js:259:5)
14 verbose pkgid @
15 verbose cwd /home/vagrant/code
16 verbose Linux 4.15.0-45-generic
17 verbose argv "/usr/bin/node" "/usr/bin/npm" "run" "development"
18 verbose node v10.15.1
19 verbose npm  v6.7.0
20 error code ELIFECYCLE
21 error errno 2
22 error @ development: `cross-env NODE_ENV=development node_modules/webpack/bin/webpack.js --progress --hide-modules --config=node_modules/laravel-mix/setup/webpack.config.js`
22 error Exit status 2
23 error Failed at the @ development script.
23 error This is probably not a problem with npm. There is likely additional logging output above.
24 verbose exit [ 2, true ]
